------------------------------------------------------
Starting bot at 20/1/2024, 22:19:08
------------------------------------------------------
Starting bot at 20/1/2024, 22:19:23
Logging in...
------------------------------------------------------
Starting bot at 20/1/2024, 22:25:24
------------------------------------------------------
Starting bot at 20/1/2024, 22:25:49
------------------------------------------------------
Starting bot at 20/1/2024, 22:25:55
------------------------------------------------------
Starting bot at 20/1/2024, 22:26:43
------------------------------------------------------
Starting bot at 20/1/2024, 22:27:32
------------------------------------------------------
Starting bot at 20/1/2024, 22:28:28
Loader module loaded.
------------------------------------------------------
Starting bot at 20/1/2024, 22:29:13
------------------------------------------------------
Starting bot at 20/1/2024, 22:32:01
------------------------------------------------------
Starting bot at 20/1/2024, 22:33:14
------------------------------------------------------
Starting bot at 20/1/2024, 22:33:52
------------------------------------------------------
Starting bot at 20/1/2024, 22:36:39
Loader module is running.
-> Loaded event: exit
-> Loaded event: SIGINT
Disconnecting bot at 20/1/2024, 22:36:39
------------------------------------------------------
Starting bot at 20/1/2024, 22:38:22
Loader module is running.
-> Loaded event: exit
-> Loaded event: SIGINT
Disconnecting bot at 20/1/2024, 22:38:22
------------------------------------------------------
Starting bot at 20/1/2024, 22:38:41
Loader module is running.
-> Loaded event: exit
-> Loaded event: SIGINT
Disconnecting bot at 20/1/2024, 22:38:41
------------------------------------------------------
Starting bot at 20/1/2024, 22:41:21
-> Loaded event: exit
-> Loaded event: SIGINT
Disconnecting bot at 20/1/2024, 22:41:21
------------------------------------------------------
Starting bot at 20/1/2024, 22:41:38
-> Loaded event: exit
-> Loaded event: SIGINT
Disconnecting bot at 20/1/2024, 22:41:38
